<?xml version="1.0" encoding="UTF-8"?>
<!-- Generated by org.testng.reporters.JUnitXMLReporter -->
<testsuite ignored="5" hostname="DESKTOP-LI9TG70" failures="0" tests="1" name="test" time="15.909" errors="0" timestamp="2022-10-02T14:01:50 EDT">
  <testcase classname="com.salesforce.automation.basetest.BaseAutomation" name="@AfterTest afterTest" time="-1.664733709978E9">
    <failure type="org.testng.TestNGException" message="
Can inject only one of &amp;lt;ITestContext, XmlTest&amp;gt; into a @AfterTest annotated afterTest.
For more information on native dependency injection please refer to https://testng.org/doc/documentation-main.html#native-dependency-injection">
      <![CDATA[org.testng.TestNGException: 
Can inject only one of <ITestContext, XmlTest> into a @AfterTest annotated afterTest.
For more information on native dependency injection please refer to https://testng.org/doc/documentation-main.html#native-dependency-injection
... Removed 21 stack frames]]>
    </failure>
  </testcase> <!-- @AfterTest afterTest -->
  <testcase classname="com.salesforce.automation.scripts.TestScripts" name="emptyPasswordTC1" time="3.904"/>
  <testcase classname="com.salesforce.automation.scripts.TestScripts" name="loginSuccessTC2" time="0.0">
    <ignored/>
  </testcase> <!-- loginSuccessTC2 -->
  <testcase classname="com.salesforce.automation.basetest.BaseAutomation" name="browserSel" time="0.0">
    <ignored/>
  </testcase> <!-- browserSel -->
  <testcase classname="com.salesforce.automation.scripts.TestScripts" name="invalidLoginTC4B" time="0.0">
    <ignored/>
  </testcase> <!-- invalidLoginTC4B -->
  <testcase classname="com.salesforce.automation.scripts.TestScripts" name="logoutSuccessTC3" time="0.0">
    <ignored/>
  </testcase> <!-- logoutSuccessTC3 -->
  <testcase classname="com.salesforce.automation.scripts.TestScripts" name="forgotPasswordTC4A" time="0.0">
    <ignored/>
  </testcase> <!-- forgotPasswordTC4A -->
</testsuite> <!-- test -->
