<?xml version="1.0" encoding="UTF-8"?>
<testng-results ignored="0" total="1" passed="1" failed="0" skipped="0">
  <reporter-output>
  </reporter-output>
  <suite started-at="2022-10-08T19:20:19 GMT-04:00" name="Default suite" finished-at="2022-10-08T19:20:43 GMT-04:00" duration-ms="24263">
    <groups>
      <group name="cucumber">
        <method signature="AbstractTestNGCucumberTests.runScenario(io.cucumber.testng.PickleWrapper,io.cucumber.testng.FeatureWrapper)[pri:0, instance:com.salesforce.automation.runner.SalesforceRunner@1d296da]" name="runScenario" class="io.cucumber.testng.AbstractTestNGCucumberTests"/>
      </group> <!-- cucumber -->
    </groups>
    <test started-at="2022-10-08T19:20:19 GMT-04:00" name="Default test" finished-at="2022-10-08T19:20:43 GMT-04:00" duration-ms="24263">
      <class name="com.salesforce.automation.runner.SalesforceRunner">
        <test-method is-config="true" signature="setUpClass()[pri:0, instance:com.salesforce.automation.runner.SalesforceRunner@1d296da]" started-at="2022-10-08T19:20:19 GMT-04:00" name="setUpClass" finished-at="2022-10-08T19:20:20 GMT-04:00" duration-ms="1507" status="PASS">
          <reporter-output>
          </reporter-output>
        </test-method> <!-- setUpClass -->
        <test-method signature="runScenario(io.cucumber.testng.PickleWrapper,io.cucumber.testng.FeatureWrapper)[pri:0, instance:com.salesforce.automation.runner.SalesforceRunner@1d296da]" started-at="2022-10-08T19:20:21 GMT-04:00" name="runScenario" description="Runs Cucumber Scenarios" data-provider="scenarios" finished-at="2022-10-08T19:20:43 GMT-04:00" duration-ms="22312" status="PASS">
          <params>
            <param index="0">
              <value>
                <![CDATA["Check remember me button"]]>
              </value>
            </param>
            <param index="1">
              <value>
                <![CDATA["Optional[Login Feature]"]]>
              </value>
            </param>
          </params>
          <reporter-output>
          </reporter-output>
        </test-method> <!-- runScenario -->
        <test-method is-config="true" signature="tearDownClass()[pri:0, instance:com.salesforce.automation.runner.SalesforceRunner@1d296da]" started-at="2022-10-08T19:20:43 GMT-04:00" name="tearDownClass" finished-at="2022-10-08T19:20:43 GMT-04:00" duration-ms="282" status="PASS">
          <reporter-output>
          </reporter-output>
        </test-method> <!-- tearDownClass -->
      </class> <!-- com.salesforce.automation.runner.SalesforceRunner -->
    </test> <!-- Default test -->
  </suite> <!-- Default suite -->
</testng-results>
